<?xml version="1.0" encoding="UTF-8"?>
<!-- Generated by org.testng.reporters.JUnitReportReporter -->
<testsuite hostname="m-c02f956qmd6n" failures="0" tests="6" name="api.test.DDUserTests" time="9.436" errors="0" timestamp="2024-06-13T18:58:04 IST" skipped="0">
  <testcase classname="api.test.DDUserTests" name="testPostUser" time="1.507"/>
  <testcase classname="api.test.DDUserTests" name="testPostUser" time="1.512"/>
  <testcase classname="api.test.DDUserTests" name="testPostUser" time="2.488"/>
  <testcase classname="api.test.DDUserTests" name="testDeleteUser" time="1.203"/>
  <testcase classname="api.test.DDUserTests" name="testDeleteUser" time="1.319"/>
  <testcase classname="api.test.DDUserTests" name="testDeleteUser" time="1.407"/>
</testsuite> <!-- api.test.DDUserTests -->
