<?xml version="1.0" encoding="UTF-8"?>
<!-- Generated by org.testng.reporters.JUnitReportReporter -->
<testsuite hostname="m-c02f956qmd6n" failures="0" tests="4" name="api.test.UserTests2" time="8.336" errors="0" timestamp="2024-06-13T19:38:55 IST" skipped="0">
  <testcase classname="api.test.UserTests2" name="testUserPost" time="2.463"/>
  <testcase classname="api.test.UserTests2" name="testGetUserByName" time="1.590"/>
  <testcase classname="api.test.UserTests2" name="testUpdateUserByName" time="2.758"/>
  <testcase classname="api.test.UserTests2" name="testDeleteUserByName" time="1.525"/>
</testsuite> <!-- api.test.UserTests2 -->
