<?xml version="1.0" encoding="UTF-8"?>
<!-- Generated by org.testng.reporters.JUnitReportReporter -->
<testsuite hostname="m-c02f956qmd6n" failures="0" tests="4" name="api.test.UserTests2" time="7.552" errors="0" timestamp="2024-06-13T20:52:19 IST" skipped="0">
  <testcase classname="api.test.UserTests2" name="testUserPost" time="2.572"/>
  <testcase classname="api.test.UserTests2" name="testGetUserByName" time="1.226"/>
  <testcase classname="api.test.UserTests2" name="testUpdateUserByName" time="2.497"/>
  <testcase classname="api.test.UserTests2" name="testDeleteUserByName" time="1.257"/>
</testsuite> <!-- api.test.UserTests2 -->
