<?xml version="1.0" encoding="UTF-8"?>
<!-- Generated by org.testng.reporters.JUnitReportReporter -->
<testsuite hostname="m-c02f956qmd6n" failures="0" tests="2" name="api.test.UserTests" time="3.919" errors="0" timestamp="2024-06-13T09:21:36 IST" skipped="0">
  <testcase classname="api.test.UserTests" name="testUserPost" time="2.430"/>
  <testcase classname="api.test.UserTests" name="testGetUserByName" time="1.489"/>
</testsuite> <!-- api.test.UserTests -->
